{"/home/wako/projects/symlab/symlab-components/lib/src/components/Button/Button.tsx": {"path":"/home/wako/projects/symlab/symlab-components/lib/src/components/Button/Button.tsx","all":false,"statementMap":{"0":{"start":{"line":1,"column":0},"end":{"line":1,"column":50}},"1":{"start":{"line":2,"column":0},"end":{"line":2,"column":24}},"2":{"start":{"line":3,"column":0},"end":{"line":3,"column":0}},"3":{"start":{"line":4,"column":0},"end":{"line":4,"column":45}},"4":{"start":{"line":5,"column":0},"end":{"line":5,"column":0}},"5":{"start":{"line":6,"column":0},"end":{"line":6,"column":17}},"6":{"start":{"line":7,"column":0},"end":{"line":7,"column":118}},"7":{"start":{"line":8,"column":0},"end":{"line":8,"column":0}},"8":{"start":{"line":9,"column":0},"end":{"line":9,"column":15}},"9":{"start":{"line":10,"column":0},"end":{"line":10,"column":50}},"10":{"start":{"line":11,"column":0},"end":{"line":11,"column":56}},"11":{"start":{"line":12,"column":0},"end":{"line":12,"column":49}},"12":{"start":{"line":13,"column":0},"end":{"line":13,"column":51}},"13":{"start":{"line":14,"column":0},"end":{"line":14,"column":46}},"14":{"start":{"line":15,"column":0},"end":{"line":15,"column":2}},"15":{"start":{"line":16,"column":0},"end":{"line":16,"column":0}},"16":{"start":{"line":17,"column":0},"end":{"line":17,"column":18}},"17":{"start":{"line":18,"column":0},"end":{"line":18,"column":90}},"18":{"start":{"line":19,"column":0},"end":{"line":19,"column":91}},"19":{"start":{"line":20,"column":0},"end":{"line":20,"column":76}},"20":{"start":{"line":21,"column":0},"end":{"line":21,"column":2}},"21":{"start":{"line":22,"column":0},"end":{"line":22,"column":0}},"22":{"start":{"line":23,"column":0},"end":{"line":23,"column":18}},"23":{"start":{"line":24,"column":0},"end":{"line":24,"column":47}},"24":{"start":{"line":25,"column":0},"end":{"line":25,"column":47}},"25":{"start":{"line":26,"column":0},"end":{"line":26,"column":45}},"26":{"start":{"line":27,"column":0},"end":{"line":27,"column":45}},"27":{"start":{"line":28,"column":0},"end":{"line":28,"column":45}},"28":{"start":{"line":29,"column":0},"end":{"line":29,"column":2}},"29":{"start":{"line":30,"column":0},"end":{"line":30,"column":0}},"30":{"start":{"line":31,"column":0},"end":{"line":31,"column":19}},"31":{"start":{"line":32,"column":0},"end":{"line":32,"column":48}},"32":{"start":{"line":33,"column":0},"end":{"line":33,"column":48}},"33":{"start":{"line":34,"column":0},"end":{"line":34,"column":46}},"34":{"start":{"line":35,"column":0},"end":{"line":35,"column":46}},"35":{"start":{"line":36,"column":0},"end":{"line":36,"column":46}},"36":{"start":{"line":37,"column":0},"end":{"line":37,"column":2}},"37":{"start":{"line":38,"column":0},"end":{"line":38,"column":87}},"38":{"start":{"line":39,"column":0},"end":{"line":39,"column":9}},"39":{"start":{"line":40,"column":0},"end":{"line":40,"column":14}},"40":{"start":{"line":41,"column":0},"end":{"line":41,"column":13}},"41":{"start":{"line":42,"column":0},"end":{"line":42,"column":9}},"42":{"start":{"line":43,"column":0},"end":{"line":43,"column":17}},"43":{"start":{"line":44,"column":0},"end":{"line":44,"column":12}},"44":{"start":{"line":45,"column":0},"end":{"line":45,"column":12}},"45":{"start":{"line":46,"column":0},"end":{"line":46,"column":16}},"46":{"start":{"line":47,"column":0},"end":{"line":47,"column":9}},"47":{"start":{"line":48,"column":0},"end":{"line":48,"column":9}},"48":{"start":{"line":49,"column":0},"end":{"line":49,"column":24}},"49":{"start":{"line":50,"column":0},"end":{"line":50,"column":11}},"50":{"start":{"line":51,"column":0},"end":{"line":51,"column":12}},"51":{"start":{"line":52,"column":0},"end":{"line":52,"column":0}},"52":{"start":{"line":53,"column":0},"end":{"line":53,"column":23}},"53":{"start":{"line":54,"column":0},"end":{"line":54,"column":14}},"54":{"start":{"line":55,"column":0},"end":{"line":55,"column":14}},"55":{"start":{"line":56,"column":0},"end":{"line":56,"column":16}},"56":{"start":{"line":57,"column":0},"end":{"line":57,"column":22}},"57":{"start":{"line":58,"column":0},"end":{"line":58,"column":63}},"58":{"start":{"line":59,"column":0},"end":{"line":59,"column":36}},"59":{"start":{"line":60,"column":0},"end":{"line":60,"column":66}},"60":{"start":{"line":61,"column":0},"end":{"line":61,"column":13}},"61":{"start":{"line":62,"column":0},"end":{"line":62,"column":4}},"62":{"start":{"line":63,"column":0},"end":{"line":63,"column":10}},"63":{"start":{"line":64,"column":0},"end":{"line":64,"column":11}},"64":{"start":{"line":65,"column":0},"end":{"line":65,"column":15}},"65":{"start":{"line":66,"column":0},"end":{"line":66,"column":29}},"66":{"start":{"line":67,"column":0},"end":{"line":67,"column":34}},"67":{"start":{"line":68,"column":0},"end":{"line":68,"column":25}},"68":{"start":{"line":69,"column":0},"end":{"line":69,"column":23}},"69":{"start":{"line":70,"column":0},"end":{"line":70,"column":15}},"70":{"start":{"line":71,"column":0},"end":{"line":71,"column":5}},"71":{"start":{"line":72,"column":0},"end":{"line":72,"column":33}},"72":{"start":{"line":73,"column":0},"end":{"line":73,"column":15}},"73":{"start":{"line":74,"column":0},"end":{"line":74,"column":29}},"74":{"start":{"line":75,"column":0},"end":{"line":75,"column":36}},"75":{"start":{"line":76,"column":0},"end":{"line":76,"column":30}},"76":{"start":{"line":77,"column":0},"end":{"line":77,"column":11}},"77":{"start":{"line":78,"column":0},"end":{"line":78,"column":8}},"78":{"start":{"line":79,"column":0},"end":{"line":79,"column":14}},"79":{"start":{"line":80,"column":0},"end":{"line":80,"column":36}},"80":{"start":{"line":81,"column":0},"end":{"line":81,"column":17}},"81":{"start":{"line":82,"column":0},"end":{"line":82,"column":31}},"82":{"start":{"line":83,"column":0},"end":{"line":83,"column":39}},"83":{"start":{"line":84,"column":0},"end":{"line":84,"column":32}},"84":{"start":{"line":85,"column":0},"end":{"line":85,"column":13}},"85":{"start":{"line":86,"column":0},"end":{"line":86,"column":9}},"86":{"start":{"line":87,"column":0},"end":{"line":87,"column":13}},"87":{"start":{"line":88,"column":0},"end":{"line":88,"column":4}},"88":{"start":{"line":89,"column":0},"end":{"line":89,"column":3}},"89":{"start":{"line":90,"column":0},"end":{"line":90,"column":0}},"90":{"start":{"line":91,"column":0},"end":{"line":91,"column":22}}},"s":{"0":1,"1":1,"2":1,"3":1,"4":1,"5":1,"6":1,"7":1,"8":1,"9":1,"10":1,"11":8,"12":8,"13":8,"14":8,"15":8,"16":8,"17":8,"18":8,"19":8,"20":8,"21":8,"22":8,"23":0,"24":8,"25":8,"26":8,"27":0,"28":0,"29":0,"30":0,"31":0,"32":0,"33":8,"34":8,"35":8,"36":22,"37":22,"38":11,"39":11,"40":11,"41":11,"42":11,"43":11,"44":11,"45":11,"46":11,"47":11,"48":11,"49":11,"50":11,"51":11,"52":11,"53":11,"54":11,"55":11,"56":11,"57":11,"58":11,"59":11,"60":11,"61":11,"62":11,"63":11,"64":11,"65":11,"66":11,"67":11,"68":11,"69":11,"70":11,"71":11,"72":1,"73":1,"74":1,"75":1,"76":11,"77":11,"78":11,"79":11,"80":1,"81":1,"82":1,"83":1,"84":11,"85":11,"86":11,"87":11,"88":11,"89":1,"90":1},"branchMap":{"0":{"type":"branch","line":11,"loc":{"start":{"line":11,"column":6},"end":{"line":53,"column":22}},"locations":[{"start":{"line":11,"column":6},"end":{"line":53,"column":22}}]},"1":{"type":"branch","line":18,"loc":{"start":{"line":18,"column":11},"end":{"line":18,"column":90}},"locations":[{"start":{"line":18,"column":11},"end":{"line":18,"column":90}}]},"2":{"type":"branch","line":24,"loc":{"start":{"line":24,"column":6},"end":{"line":24,"column":47}},"locations":[{"start":{"line":24,"column":6},"end":{"line":24,"column":47}}]},"3":{"type":"branch","line":24,"loc":{"start":{"line":24,"column":6},"end":{"line":24,"column":47}},"locations":[{"start":{"line":24,"column":6},"end":{"line":24,"column":47}}]},"4":{"type":"branch","line":25,"loc":{"start":{"line":25,"column":6},"end":{"line":26,"column":45}},"locations":[{"start":{"line":25,"column":6},"end":{"line":26,"column":45}}]},"5":{"type":"branch","line":26,"loc":{"start":{"line":26,"column":6},"end":{"line":26,"column":45}},"locations":[{"start":{"line":26,"column":6},"end":{"line":26,"column":45}}]},"6":{"type":"branch","line":28,"loc":{"start":{"line":28,"column":6},"end":{"line":28,"column":45}},"locations":[{"start":{"line":28,"column":6},"end":{"line":28,"column":45}}]},"7":{"type":"branch","line":28,"loc":{"start":{"line":28,"column":6},"end":{"line":33,"column":48}},"locations":[{"start":{"line":28,"column":6},"end":{"line":33,"column":48}}]},"8":{"type":"branch","line":36,"loc":{"start":{"line":36,"column":6},"end":{"line":36,"column":46}},"locations":[{"start":{"line":36,"column":6},"end":{"line":36,"column":46}}]},"9":{"type":"branch","line":36,"loc":{"start":{"line":36,"column":6},"end":{"line":44,"column":12}},"locations":[{"start":{"line":36,"column":6},"end":{"line":44,"column":12}}]},"10":{"type":"branch","line":11,"loc":{"start":{"line":11,"column":6},"end":{"line":53,"column":8}},"locations":[{"start":{"line":11,"column":6},"end":{"line":53,"column":8}}]},"11":{"type":"branch","line":18,"loc":{"start":{"line":18,"column":11},"end":{"line":18,"column":90}},"locations":[{"start":{"line":18,"column":11},"end":{"line":18,"column":90}}]},"12":{"type":"branch","line":23,"loc":{"start":{"line":23,"column":17},"end":{"line":24,"column":47}},"locations":[{"start":{"line":23,"column":17},"end":{"line":24,"column":47}}]},"13":{"type":"branch","line":25,"loc":{"start":{"line":25,"column":6},"end":{"line":25,"column":47}},"locations":[{"start":{"line":25,"column":6},"end":{"line":25,"column":47}}]},"14":{"type":"branch","line":25,"loc":{"start":{"line":25,"column":6},"end":{"line":26,"column":6}},"locations":[{"start":{"line":25,"column":6},"end":{"line":26,"column":6}}]},"15":{"type":"branch","line":27,"loc":{"start":{"line":27,"column":6},"end":{"line":27,"column":45}},"locations":[{"start":{"line":27,"column":6},"end":{"line":27,"column":45}}]},"16":{"type":"branch","line":27,"loc":{"start":{"line":27,"column":6},"end":{"line":33,"column":48}},"locations":[{"start":{"line":27,"column":6},"end":{"line":33,"column":48}}]},"17":{"type":"branch","line":36,"loc":{"start":{"line":36,"column":6},"end":{"line":36,"column":46}},"locations":[{"start":{"line":36,"column":6},"end":{"line":36,"column":46}}]},"18":{"type":"branch","line":36,"loc":{"start":{"line":36,"column":6},"end":{"line":43,"column":17}},"locations":[{"start":{"line":36,"column":6},"end":{"line":43,"column":17}}]},"19":{"type":"branch","line":36,"loc":{"start":{"line":36,"column":6},"end":{"line":84,"column":32}},"locations":[{"start":{"line":36,"column":6},"end":{"line":84,"column":32}}]},"20":{"type":"branch","line":53,"loc":{"start":{"line":53,"column":18},"end":{"line":53,"column":22}},"locations":[{"start":{"line":53,"column":18},"end":{"line":53,"column":22}}]},"21":{"type":"branch","line":59,"loc":{"start":{"line":59,"column":31},"end":{"line":60,"column":49}},"locations":[{"start":{"line":59,"column":31},"end":{"line":60,"column":49}}]},"22":{"type":"branch","line":60,"loc":{"start":{"line":60,"column":15},"end":{"line":60,"column":49}},"locations":[{"start":{"line":60,"column":15},"end":{"line":60,"column":49}}]},"23":{"type":"branch","line":60,"loc":{"start":{"line":60,"column":49},"end":{"line":64,"column":11}},"locations":[{"start":{"line":60,"column":49},"end":{"line":64,"column":11}}]},"24":{"type":"branch","line":64,"loc":{"start":{"line":64,"column":4},"end":{"line":64,"column":11}},"locations":[{"start":{"line":64,"column":4},"end":{"line":64,"column":11}}]},"25":{"type":"branch","line":66,"loc":{"start":{"line":66,"column":20},"end":{"line":66,"column":29}},"locations":[{"start":{"line":66,"column":20},"end":{"line":66,"column":29}}]},"26":{"type":"branch","line":66,"loc":{"start":{"line":66,"column":20},"end":{"line":72,"column":24}},"locations":[{"start":{"line":66,"column":20},"end":{"line":72,"column":24}}]},"27":{"type":"branch","line":78,"loc":{"start":{"line":78,"column":6},"end":{"line":78,"column":8}},"locations":[{"start":{"line":78,"column":6},"end":{"line":78,"column":8}}]},"28":{"type":"branch","line":78,"loc":{"start":{"line":78,"column":6},"end":{"line":80,"column":36}},"locations":[{"start":{"line":78,"column":6},"end":{"line":80,"column":36}}]},"29":{"type":"branch","line":38,"loc":{"start":{"line":38,"column":58},"end":{"line":89,"column":3}},"locations":[{"start":{"line":38,"column":58},"end":{"line":89,"column":3}}]},"30":{"type":"branch","line":58,"loc":{"start":{"line":58,"column":21},"end":{"line":58,"column":47}},"locations":[{"start":{"line":58,"column":21},"end":{"line":58,"column":47}}]},"31":{"type":"branch","line":58,"loc":{"start":{"line":58,"column":39},"end":{"line":58,"column":63}},"locations":[{"start":{"line":58,"column":39},"end":{"line":58,"column":63}}]},"32":{"type":"branch","line":59,"loc":{"start":{"line":59,"column":4},"end":{"line":59,"column":31}},"locations":[{"start":{"line":59,"column":4},"end":{"line":59,"column":31}}]},"33":{"type":"branch","line":59,"loc":{"start":{"line":59,"column":14},"end":{"line":59,"column":36}},"locations":[{"start":{"line":59,"column":14},"end":{"line":59,"column":36}}]},"34":{"type":"branch","line":60,"loc":{"start":{"line":60,"column":4},"end":{"line":60,"column":49}},"locations":[{"start":{"line":60,"column":4},"end":{"line":60,"column":49}}]},"35":{"type":"branch","line":60,"loc":{"start":{"line":60,"column":15},"end":{"line":60,"column":66}},"locations":[{"start":{"line":60,"column":15},"end":{"line":60,"column":66}}]},"36":{"type":"branch","line":66,"loc":{"start":{"line":66,"column":12},"end":{"line":66,"column":29}},"locations":[{"start":{"line":66,"column":12},"end":{"line":66,"column":29}}]},"37":{"type":"branch","line":72,"loc":{"start":{"line":72,"column":24},"end":{"line":73,"column":15}},"locations":[{"start":{"line":72,"column":24},"end":{"line":73,"column":15}}]},"38":{"type":"branch","line":73,"loc":{"start":{"line":73,"column":8},"end":{"line":76,"column":30}},"locations":[{"start":{"line":73,"column":8},"end":{"line":76,"column":30}}]},"39":{"type":"branch","line":80,"loc":{"start":{"line":80,"column":26},"end":{"line":81,"column":17}},"locations":[{"start":{"line":80,"column":26},"end":{"line":81,"column":17}}]},"40":{"type":"branch","line":81,"loc":{"start":{"line":81,"column":10},"end":{"line":84,"column":32}},"locations":[{"start":{"line":81,"column":10},"end":{"line":84,"column":32}}]},"41":{"type":"branch","line":38,"loc":{"start":{"line":38,"column":58},"end":{"line":64,"column":11}},"locations":[{"start":{"line":38,"column":58},"end":{"line":64,"column":11}}]},"42":{"type":"branch","line":58,"loc":{"start":{"line":58,"column":21},"end":{"line":58,"column":47}},"locations":[{"start":{"line":58,"column":21},"end":{"line":58,"column":47}}]},"43":{"type":"branch","line":58,"loc":{"start":{"line":58,"column":39},"end":{"line":58,"column":63}},"locations":[{"start":{"line":58,"column":39},"end":{"line":58,"column":63}}]},"44":{"type":"branch","line":59,"loc":{"start":{"line":59,"column":4},"end":{"line":59,"column":31}},"locations":[{"start":{"line":59,"column":4},"end":{"line":59,"column":31}}]},"45":{"type":"branch","line":59,"loc":{"start":{"line":59,"column":14},"end":{"line":59,"column":36}},"locations":[{"start":{"line":59,"column":14},"end":{"line":59,"column":36}}]},"46":{"type":"branch","line":60,"loc":{"start":{"line":60,"column":4},"end":{"line":60,"column":49}},"locations":[{"start":{"line":60,"column":4},"end":{"line":60,"column":49}}]},"47":{"type":"branch","line":60,"loc":{"start":{"line":60,"column":15},"end":{"line":60,"column":66}},"locations":[{"start":{"line":60,"column":15},"end":{"line":60,"column":66}}]},"48":{"type":"branch","line":65,"loc":{"start":{"line":65,"column":6},"end":{"line":66,"column":20}},"locations":[{"start":{"line":65,"column":6},"end":{"line":66,"column":20}}]},"49":{"type":"branch","line":72,"loc":{"start":{"line":72,"column":7},"end":{"line":72,"column":33}},"locations":[{"start":{"line":72,"column":7},"end":{"line":72,"column":33}}]},"50":{"type":"branch","line":72,"loc":{"start":{"line":72,"column":24},"end":{"line":76,"column":25}},"locations":[{"start":{"line":72,"column":24},"end":{"line":76,"column":25}}]},"51":{"type":"branch","line":80,"loc":{"start":{"line":80,"column":9},"end":{"line":80,"column":36}},"locations":[{"start":{"line":80,"column":9},"end":{"line":80,"column":36}}]},"52":{"type":"branch","line":80,"loc":{"start":{"line":80,"column":26},"end":{"line":84,"column":32}},"locations":[{"start":{"line":80,"column":26},"end":{"line":84,"column":32}}]}},"b":{"0":[58],"1":[46],"2":[5],"3":[53],"4":[12],"5":[46],"6":[4],"7":[4],"8":[4],"9":[4],"10":[8],"11":[6],"12":[0],"13":[1],"14":[7],"15":[0],"16":[0],"17":[0],"18":[0],"19":[22],"20":[18],"21":[2],"22":[20],"23":[4],"24":[18],"25":[2],"26":[2],"27":[2],"28":[2],"29":[11],"30":[1],"31":[10],"32":[1],"33":[10],"34":[2],"35":[9],"36":[9],"37":[1],"38":[1],"39":[1],"40":[1],"41":[11],"42":[1],"43":[10],"44":[1],"45":[10],"46":[2],"47":[9],"48":[9],"49":[1],"50":[1],"51":[1],"52":[1]},"fnMap":{"0":{"name":"Button2","decl":{"start":{"line":11,"column":6},"end":{"line":53,"column":22}},"loc":{"start":{"line":11,"column":6},"end":{"line":53,"column":22}},"line":11},"1":{"name":"Button2","decl":{"start":{"line":11,"column":6},"end":{"line":53,"column":8}},"loc":{"start":{"line":11,"column":6},"end":{"line":53,"column":8}},"line":11},"2":{"name":"Button2","decl":{"start":{"line":36,"column":6},"end":{"line":84,"column":32}},"loc":{"start":{"line":36,"column":6},"end":{"line":84,"column":32}},"line":36},"3":{"name":"Button2","decl":{"start":{"line":38,"column":58},"end":{"line":89,"column":3}},"loc":{"start":{"line":38,"column":58},"end":{"line":89,"column":3}},"line":38},"4":{"name":"Button2","decl":{"start":{"line":38,"column":58},"end":{"line":64,"column":11}},"loc":{"start":{"line":38,"column":58},"end":{"line":64,"column":11}},"line":38}},"f":{"0":58,"1":8,"2":22,"3":11,"4":11}}
}
