{"/home/wako/projects/symlab/symlab-components/lib/src/components/Button/Button.tsx": {"path":"/home/wako/projects/symlab/symlab-components/lib/src/components/Button/Button.tsx","all":false,"statementMap":{"0":{"start":{"line":1,"column":0},"end":{"line":1,"column":50}},"1":{"start":{"line":2,"column":0},"end":{"line":2,"column":45}},"2":{"start":{"line":3,"column":0},"end":{"line":3,"column":69}},"3":{"start":{"line":4,"column":0},"end":{"line":4,"column":0}},"4":{"start":{"line":5,"column":0},"end":{"line":5,"column":17}},"5":{"start":{"line":6,"column":0},"end":{"line":6,"column":118}},"6":{"start":{"line":7,"column":0},"end":{"line":7,"column":0}},"7":{"start":{"line":8,"column":0},"end":{"line":8,"column":87}},"8":{"start":{"line":9,"column":0},"end":{"line":9,"column":9}},"9":{"start":{"line":10,"column":0},"end":{"line":10,"column":14}},"10":{"start":{"line":11,"column":0},"end":{"line":11,"column":13}},"11":{"start":{"line":12,"column":0},"end":{"line":12,"column":9}},"12":{"start":{"line":13,"column":0},"end":{"line":13,"column":17}},"13":{"start":{"line":14,"column":0},"end":{"line":14,"column":12}},"14":{"start":{"line":15,"column":0},"end":{"line":15,"column":12}},"15":{"start":{"line":16,"column":0},"end":{"line":16,"column":9}},"16":{"start":{"line":17,"column":0},"end":{"line":17,"column":9}},"17":{"start":{"line":18,"column":0},"end":{"line":18,"column":9}},"18":{"start":{"line":19,"column":0},"end":{"line":19,"column":24}},"19":{"start":{"line":20,"column":0},"end":{"line":20,"column":11}},"20":{"start":{"line":21,"column":0},"end":{"line":21,"column":12}},"21":{"start":{"line":22,"column":0},"end":{"line":22,"column":0}},"22":{"start":{"line":23,"column":0},"end":{"line":23,"column":10}},"23":{"start":{"line":24,"column":0},"end":{"line":24,"column":11}},"24":{"start":{"line":25,"column":0},"end":{"line":25,"column":15}},"25":{"start":{"line":26,"column":0},"end":{"line":26,"column":29}},"26":{"start":{"line":27,"column":0},"end":{"line":27,"column":34}},"27":{"start":{"line":28,"column":0},"end":{"line":28,"column":29}},"28":{"start":{"line":29,"column":0},"end":{"line":29,"column":21}},"29":{"start":{"line":30,"column":0},"end":{"line":30,"column":29}},"30":{"start":{"line":31,"column":0},"end":{"line":31,"column":34}},"31":{"start":{"line":32,"column":0},"end":{"line":32,"column":40}},"32":{"start":{"line":33,"column":0},"end":{"line":33,"column":20}},"33":{"start":{"line":34,"column":0},"end":{"line":34,"column":58}},"34":{"start":{"line":35,"column":0},"end":{"line":35,"column":8}},"35":{"start":{"line":36,"column":0},"end":{"line":36,"column":23}},"36":{"start":{"line":37,"column":0},"end":{"line":37,"column":15}},"37":{"start":{"line":38,"column":0},"end":{"line":38,"column":5}},"38":{"start":{"line":39,"column":0},"end":{"line":39,"column":33}},"39":{"start":{"line":40,"column":0},"end":{"line":40,"column":15}},"40":{"start":{"line":41,"column":0},"end":{"line":41,"column":29}},"41":{"start":{"line":42,"column":0},"end":{"line":42,"column":54}},"42":{"start":{"line":43,"column":0},"end":{"line":43,"column":30}},"43":{"start":{"line":44,"column":0},"end":{"line":44,"column":11}},"44":{"start":{"line":45,"column":0},"end":{"line":45,"column":8}},"45":{"start":{"line":46,"column":0},"end":{"line":46,"column":14}},"46":{"start":{"line":47,"column":0},"end":{"line":47,"column":36}},"47":{"start":{"line":48,"column":0},"end":{"line":48,"column":17}},"48":{"start":{"line":49,"column":0},"end":{"line":49,"column":31}},"49":{"start":{"line":50,"column":0},"end":{"line":50,"column":56}},"50":{"start":{"line":51,"column":0},"end":{"line":51,"column":32}},"51":{"start":{"line":52,"column":0},"end":{"line":52,"column":13}},"52":{"start":{"line":53,"column":0},"end":{"line":53,"column":9}},"53":{"start":{"line":54,"column":0},"end":{"line":54,"column":13}},"54":{"start":{"line":55,"column":0},"end":{"line":55,"column":4}},"55":{"start":{"line":56,"column":0},"end":{"line":56,"column":3}},"56":{"start":{"line":57,"column":0},"end":{"line":57,"column":0}},"57":{"start":{"line":58,"column":0},"end":{"line":58,"column":22}}},"s":{"0":1,"1":1,"2":1,"3":1,"4":1,"5":1,"6":1,"7":1,"8":8,"9":8,"10":8,"11":8,"12":8,"13":8,"14":8,"15":8,"16":8,"17":8,"18":8,"19":8,"20":8,"21":8,"22":8,"23":8,"24":47,"25":47,"26":47,"27":47,"28":47,"29":47,"30":47,"31":47,"32":47,"33":47,"34":47,"35":47,"36":47,"37":47,"38":47,"39":0,"40":0,"41":0,"42":3,"43":47,"44":47,"45":47,"46":47,"47":0,"48":0,"49":0,"50":3,"51":47,"52":47,"53":47,"54":47,"55":47,"56":1,"57":1},"branchMap":{"0":{"type":"branch","line":8,"loc":{"start":{"line":8,"column":58},"end":{"line":56,"column":3}},"locations":[{"start":{"line":8,"column":58},"end":{"line":56,"column":3}}]},"1":{"type":"branch","line":26,"loc":{"start":{"line":26,"column":12},"end":{"line":26,"column":29}},"locations":[{"start":{"line":26,"column":12},"end":{"line":26,"column":29}}]},"2":{"type":"branch","line":32,"loc":{"start":{"line":32,"column":10},"end":{"line":32,"column":37}},"locations":[{"start":{"line":32,"column":10},"end":{"line":32,"column":37}}]},"3":{"type":"branch","line":32,"loc":{"start":{"line":32,"column":20},"end":{"line":32,"column":40}},"locations":[{"start":{"line":32,"column":20},"end":{"line":32,"column":40}}]},"4":{"type":"branch","line":34,"loc":{"start":{"line":34,"column":10},"end":{"line":34,"column":55}},"locations":[{"start":{"line":34,"column":10},"end":{"line":34,"column":55}}]},"5":{"type":"branch","line":34,"loc":{"start":{"line":34,"column":21},"end":{"line":34,"column":58}},"locations":[{"start":{"line":34,"column":21},"end":{"line":34,"column":58}}]},"6":{"type":"branch","line":39,"loc":{"start":{"line":39,"column":24},"end":{"line":40,"column":15}},"locations":[{"start":{"line":39,"column":24},"end":{"line":40,"column":15}}]},"7":{"type":"branch","line":40,"loc":{"start":{"line":40,"column":8},"end":{"line":43,"column":30}},"locations":[{"start":{"line":40,"column":8},"end":{"line":43,"column":30}}]},"8":{"type":"branch","line":47,"loc":{"start":{"line":47,"column":26},"end":{"line":48,"column":17}},"locations":[{"start":{"line":47,"column":26},"end":{"line":48,"column":17}}]},"9":{"type":"branch","line":48,"loc":{"start":{"line":48,"column":10},"end":{"line":51,"column":32}},"locations":[{"start":{"line":48,"column":10},"end":{"line":51,"column":32}}]},"10":{"type":"branch","line":8,"loc":{"start":{"line":8,"column":58},"end":{"line":24,"column":11}},"locations":[{"start":{"line":8,"column":58},"end":{"line":24,"column":11}}]},"11":{"type":"branch","line":26,"loc":{"start":{"line":26,"column":12},"end":{"line":26,"column":29}},"locations":[{"start":{"line":26,"column":12},"end":{"line":26,"column":29}}]},"12":{"type":"branch","line":31,"loc":{"start":{"line":31,"column":24},"end":{"line":32,"column":20}},"locations":[{"start":{"line":31,"column":24},"end":{"line":32,"column":20}}]},"13":{"type":"branch","line":33,"loc":{"start":{"line":33,"column":10},"end":{"line":34,"column":55}},"locations":[{"start":{"line":33,"column":10},"end":{"line":34,"column":55}}]},"14":{"type":"branch","line":34,"loc":{"start":{"line":34,"column":21},"end":{"line":34,"column":55}},"locations":[{"start":{"line":34,"column":21},"end":{"line":34,"column":55}}]},"15":{"type":"branch","line":39,"loc":{"start":{"line":39,"column":7},"end":{"line":39,"column":24}},"locations":[{"start":{"line":39,"column":7},"end":{"line":39,"column":24}}]},"16":{"type":"branch","line":39,"loc":{"start":{"line":39,"column":7},"end":{"line":43,"column":25}},"locations":[{"start":{"line":39,"column":7},"end":{"line":43,"column":25}}]},"17":{"type":"branch","line":47,"loc":{"start":{"line":47,"column":9},"end":{"line":47,"column":26}},"locations":[{"start":{"line":47,"column":9},"end":{"line":47,"column":26}}]},"18":{"type":"branch","line":47,"loc":{"start":{"line":47,"column":9},"end":{"line":51,"column":27}},"locations":[{"start":{"line":47,"column":9},"end":{"line":51,"column":27}}]}},"b":{"0":[47],"1":[37],"2":[4],"3":[43],"4":[10],"5":[37],"6":[3],"7":[3],"8":[3],"9":[3],"10":[8],"11":[6],"12":[0],"13":[1],"14":[7],"15":[0],"16":[0],"17":[0],"18":[0]},"fnMap":{"0":{"name":"Button2","decl":{"start":{"line":8,"column":58},"end":{"line":56,"column":3}},"loc":{"start":{"line":8,"column":58},"end":{"line":56,"column":3}},"line":8},"1":{"name":"Button2","decl":{"start":{"line":8,"column":58},"end":{"line":24,"column":11}},"loc":{"start":{"line":8,"column":58},"end":{"line":24,"column":11}},"line":8}},"f":{"0":47,"1":8}}
,"/home/wako/projects/symlab/symlab-components/lib/src/components/Button/utils.ts": {"path":"/home/wako/projects/symlab/symlab-components/lib/src/components/Button/utils.ts","all":false,"statementMap":{"0":{"start":{"line":1,"column":0},"end":{"line":1,"column":45}},"1":{"start":{"line":2,"column":0},"end":{"line":2,"column":0}},"2":{"start":{"line":3,"column":0},"end":{"line":3,"column":60}},"3":{"start":{"line":4,"column":0},"end":{"line":4,"column":66}},"4":{"start":{"line":5,"column":0},"end":{"line":5,"column":59}},"5":{"start":{"line":6,"column":0},"end":{"line":6,"column":61}},"6":{"start":{"line":7,"column":0},"end":{"line":7,"column":56}},"7":{"start":{"line":8,"column":0},"end":{"line":8,"column":100}},"8":{"start":{"line":9,"column":0},"end":{"line":9,"column":22}},"9":{"start":{"line":10,"column":0},"end":{"line":10,"column":80}},"10":{"start":{"line":11,"column":0},"end":{"line":11,"column":86}},"11":{"start":{"line":12,"column":0},"end":{"line":12,"column":0}},"12":{"start":{"line":13,"column":0},"end":{"line":13,"column":60}},"13":{"start":{"line":14,"column":0},"end":{"line":14,"column":17}},"14":{"start":{"line":15,"column":0},"end":{"line":15,"column":14}},"15":{"start":{"line":16,"column":0},"end":{"line":16,"column":21}},"16":{"start":{"line":17,"column":0},"end":{"line":17,"column":14}},"17":{"start":{"line":18,"column":0},"end":{"line":18,"column":21}},"18":{"start":{"line":19,"column":0},"end":{"line":19,"column":14}},"19":{"start":{"line":20,"column":0},"end":{"line":20,"column":21}},"20":{"start":{"line":21,"column":0},"end":{"line":21,"column":14}},"21":{"start":{"line":22,"column":0},"end":{"line":22,"column":21}},"22":{"start":{"line":23,"column":0},"end":{"line":23,"column":14}},"23":{"start":{"line":24,"column":0},"end":{"line":24,"column":21}},"24":{"start":{"line":25,"column":0},"end":{"line":25,"column":12}},"25":{"start":{"line":26,"column":0},"end":{"line":26,"column":21}},"26":{"start":{"line":27,"column":0},"end":{"line":27,"column":3}},"27":{"start":{"line":28,"column":0},"end":{"line":28,"column":2}},"28":{"start":{"line":29,"column":0},"end":{"line":29,"column":0}},"29":{"start":{"line":30,"column":0},"end":{"line":30,"column":68}},"30":{"start":{"line":31,"column":0},"end":{"line":31,"column":20}},"31":{"start":{"line":32,"column":0},"end":{"line":32,"column":19}},"32":{"start":{"line":33,"column":0},"end":{"line":33,"column":26}},"33":{"start":{"line":34,"column":0},"end":{"line":34,"column":21}},"34":{"start":{"line":35,"column":0},"end":{"line":35,"column":28}},"35":{"start":{"line":36,"column":0},"end":{"line":36,"column":19}},"36":{"start":{"line":37,"column":0},"end":{"line":37,"column":26}},"37":{"start":{"line":38,"column":0},"end":{"line":38,"column":12}},"38":{"start":{"line":39,"column":0},"end":{"line":39,"column":26}},"39":{"start":{"line":40,"column":0},"end":{"line":40,"column":3}},"40":{"start":{"line":41,"column":0},"end":{"line":41,"column":2}},"41":{"start":{"line":42,"column":0},"end":{"line":42,"column":0}},"42":{"start":{"line":43,"column":0},"end":{"line":43,"column":29}},"43":{"start":{"line":44,"column":0},"end":{"line":44,"column":28}},"44":{"start":{"line":45,"column":0},"end":{"line":45,"column":43}},"45":{"start":{"line":46,"column":0},"end":{"line":46,"column":6}},"46":{"start":{"line":47,"column":0},"end":{"line":47,"column":32}},"47":{"start":{"line":48,"column":0},"end":{"line":48,"column":19}},"48":{"start":{"line":49,"column":0},"end":{"line":49,"column":16}},"49":{"start":{"line":50,"column":0},"end":{"line":50,"column":16}},"50":{"start":{"line":51,"column":0},"end":{"line":51,"column":56}},"51":{"start":{"line":52,"column":0},"end":{"line":52,"column":16}},"52":{"start":{"line":53,"column":0},"end":{"line":53,"column":54}},"53":{"start":{"line":54,"column":0},"end":{"line":54,"column":16}},"54":{"start":{"line":55,"column":0},"end":{"line":55,"column":54}},"55":{"start":{"line":56,"column":0},"end":{"line":56,"column":16}},"56":{"start":{"line":57,"column":0},"end":{"line":57,"column":54}},"57":{"start":{"line":58,"column":0},"end":{"line":58,"column":14}},"58":{"start":{"line":59,"column":0},"end":{"line":59,"column":54}},"59":{"start":{"line":60,"column":0},"end":{"line":60,"column":5}},"60":{"start":{"line":61,"column":0},"end":{"line":61,"column":3}},"61":{"start":{"line":62,"column":0},"end":{"line":62,"column":17}},"62":{"start":{"line":63,"column":0},"end":{"line":63,"column":14}},"63":{"start":{"line":64,"column":0},"end":{"line":64,"column":14}},"64":{"start":{"line":65,"column":0},"end":{"line":65,"column":55}},"65":{"start":{"line":66,"column":0},"end":{"line":66,"column":14}},"66":{"start":{"line":67,"column":0},"end":{"line":67,"column":53}},"67":{"start":{"line":68,"column":0},"end":{"line":68,"column":14}},"68":{"start":{"line":69,"column":0},"end":{"line":69,"column":53}},"69":{"start":{"line":70,"column":0},"end":{"line":70,"column":14}},"70":{"start":{"line":71,"column":0},"end":{"line":71,"column":53}},"71":{"start":{"line":72,"column":0},"end":{"line":72,"column":12}},"72":{"start":{"line":73,"column":0},"end":{"line":73,"column":53}},"73":{"start":{"line":74,"column":0},"end":{"line":74,"column":3}},"74":{"start":{"line":75,"column":0},"end":{"line":75,"column":2}}},"s":{"0":1,"1":1,"2":1,"3":1,"4":1,"5":1,"6":1,"7":1,"8":1,"9":1,"10":1,"11":1,"12":1,"13":65,"14":2,"15":2,"16":2,"17":2,"18":2,"19":2,"20":2,"21":2,"22":2,"23":2,"24":55,"25":55,"26":65,"27":65,"28":1,"29":1,"30":58,"31":56,"32":56,"33":1,"34":1,"35":1,"36":1,"37":0,"38":0,"39":58,"40":58,"41":1,"42":1,"43":1,"44":0,"45":0,"46":0,"47":0,"48":0,"49":0,"50":0,"51":0,"52":0,"53":0,"54":0,"55":0,"56":0,"57":0,"58":0,"59":0,"60":0,"61":0,"62":0,"63":0,"64":0,"65":0,"66":4,"67":0,"68":0,"69":0,"70":4,"71":1,"72":1,"73":4,"74":12},"branchMap":{"0":{"type":"branch","line":13,"loc":{"start":{"line":13,"column":29},"end":{"line":28,"column":2}},"locations":[{"start":{"line":13,"column":29},"end":{"line":28,"column":2}}]},"1":{"type":"branch","line":14,"loc":{"start":{"line":14,"column":10},"end":{"line":16,"column":21}},"locations":[{"start":{"line":14,"column":10},"end":{"line":16,"column":21}}]},"2":{"type":"branch","line":16,"loc":{"start":{"line":16,"column":13},"end":{"line":18,"column":21}},"locations":[{"start":{"line":16,"column":13},"end":{"line":18,"column":21}}]},"3":{"type":"branch","line":18,"loc":{"start":{"line":18,"column":13},"end":{"line":20,"column":21}},"locations":[{"start":{"line":18,"column":13},"end":{"line":20,"column":21}}]},"4":{"type":"branch","line":20,"loc":{"start":{"line":20,"column":13},"end":{"line":22,"column":21}},"locations":[{"start":{"line":20,"column":13},"end":{"line":22,"column":21}}]},"5":{"type":"branch","line":22,"loc":{"start":{"line":22,"column":13},"end":{"line":24,"column":21}},"locations":[{"start":{"line":22,"column":13},"end":{"line":24,"column":21}}]},"6":{"type":"branch","line":24,"loc":{"start":{"line":24,"column":13},"end":{"line":26,"column":21}},"locations":[{"start":{"line":24,"column":13},"end":{"line":26,"column":21}}]},"7":{"type":"branch","line":28,"loc":{"start":{"line":28,"column":0},"end":{"line":28,"column":2}},"locations":[{"start":{"line":28,"column":0},"end":{"line":28,"column":2}}]},"8":{"type":"branch","line":30,"loc":{"start":{"line":30,"column":31},"end":{"line":41,"column":2}},"locations":[{"start":{"line":30,"column":31},"end":{"line":41,"column":2}}]},"9":{"type":"branch","line":31,"loc":{"start":{"line":31,"column":10},"end":{"line":33,"column":26}},"locations":[{"start":{"line":31,"column":10},"end":{"line":33,"column":26}}]},"10":{"type":"branch","line":33,"loc":{"start":{"line":33,"column":13},"end":{"line":35,"column":28}},"locations":[{"start":{"line":33,"column":13},"end":{"line":35,"column":28}}]},"11":{"type":"branch","line":35,"loc":{"start":{"line":35,"column":13},"end":{"line":37,"column":26}},"locations":[{"start":{"line":35,"column":13},"end":{"line":37,"column":26}}]},"12":{"type":"branch","line":37,"loc":{"start":{"line":37,"column":13},"end":{"line":39,"column":26}},"locations":[{"start":{"line":37,"column":13},"end":{"line":39,"column":26}}]},"13":{"type":"branch","line":41,"loc":{"start":{"line":41,"column":0},"end":{"line":41,"column":2}},"locations":[{"start":{"line":41,"column":0},"end":{"line":41,"column":2}}]},"14":{"type":"branch","line":44,"loc":{"start":{"line":44,"column":2},"end":{"line":75,"column":2}},"locations":[{"start":{"line":44,"column":2},"end":{"line":75,"column":2}}]},"15":{"type":"branch","line":47,"loc":{"start":{"line":47,"column":31},"end":{"line":62,"column":17}},"locations":[{"start":{"line":47,"column":31},"end":{"line":62,"column":17}}]},"16":{"type":"branch","line":48,"loc":{"start":{"line":48,"column":12},"end":{"line":49,"column":16}},"locations":[{"start":{"line":48,"column":12},"end":{"line":49,"column":16}}]},"17":{"type":"branch","line":49,"loc":{"start":{"line":49,"column":11},"end":{"line":51,"column":56}},"locations":[{"start":{"line":49,"column":11},"end":{"line":51,"column":56}}]},"18":{"type":"branch","line":51,"loc":{"start":{"line":51,"column":15},"end":{"line":53,"column":54}},"locations":[{"start":{"line":51,"column":15},"end":{"line":53,"column":54}}]},"19":{"type":"branch","line":53,"loc":{"start":{"line":53,"column":15},"end":{"line":55,"column":54}},"locations":[{"start":{"line":53,"column":15},"end":{"line":55,"column":54}}]},"20":{"type":"branch","line":55,"loc":{"start":{"line":55,"column":15},"end":{"line":57,"column":54}},"locations":[{"start":{"line":55,"column":15},"end":{"line":57,"column":54}}]},"21":{"type":"branch","line":57,"loc":{"start":{"line":57,"column":15},"end":{"line":59,"column":54}},"locations":[{"start":{"line":57,"column":15},"end":{"line":59,"column":54}}]},"22":{"type":"branch","line":62,"loc":{"start":{"line":62,"column":10},"end":{"line":63,"column":14}},"locations":[{"start":{"line":62,"column":10},"end":{"line":63,"column":14}}]},"23":{"type":"branch","line":63,"loc":{"start":{"line":63,"column":9},"end":{"line":65,"column":55}},"locations":[{"start":{"line":63,"column":9},"end":{"line":65,"column":55}}]},"24":{"type":"branch","line":65,"loc":{"start":{"line":65,"column":13},"end":{"line":67,"column":53}},"locations":[{"start":{"line":65,"column":13},"end":{"line":67,"column":53}}]},"25":{"type":"branch","line":67,"loc":{"start":{"line":67,"column":13},"end":{"line":69,"column":53}},"locations":[{"start":{"line":67,"column":13},"end":{"line":69,"column":53}}]},"26":{"type":"branch","line":69,"loc":{"start":{"line":69,"column":13},"end":{"line":71,"column":53}},"locations":[{"start":{"line":69,"column":13},"end":{"line":71,"column":53}}]},"27":{"type":"branch","line":71,"loc":{"start":{"line":71,"column":13},"end":{"line":73,"column":53}},"locations":[{"start":{"line":71,"column":13},"end":{"line":73,"column":53}}]},"28":{"type":"branch","line":44,"loc":{"start":{"line":44,"column":2},"end":{"line":71,"column":53}},"locations":[{"start":{"line":44,"column":2},"end":{"line":71,"column":53}}]},"29":{"type":"branch","line":47,"loc":{"start":{"line":47,"column":31},"end":{"line":59,"column":54}},"locations":[{"start":{"line":47,"column":31},"end":{"line":59,"column":54}}]},"30":{"type":"branch","line":48,"loc":{"start":{"line":48,"column":12},"end":{"line":49,"column":16}},"locations":[{"start":{"line":48,"column":12},"end":{"line":49,"column":16}}]},"31":{"type":"branch","line":49,"loc":{"start":{"line":49,"column":11},"end":{"line":51,"column":56}},"locations":[{"start":{"line":49,"column":11},"end":{"line":51,"column":56}}]},"32":{"type":"branch","line":51,"loc":{"start":{"line":51,"column":15},"end":{"line":53,"column":54}},"locations":[{"start":{"line":51,"column":15},"end":{"line":53,"column":54}}]},"33":{"type":"branch","line":53,"loc":{"start":{"line":53,"column":15},"end":{"line":55,"column":15}},"locations":[{"start":{"line":53,"column":15},"end":{"line":55,"column":15}}]},"34":{"type":"branch","line":55,"loc":{"start":{"line":55,"column":8},"end":{"line":57,"column":15}},"locations":[{"start":{"line":55,"column":8},"end":{"line":57,"column":15}}]},"35":{"type":"branch","line":59,"loc":{"start":{"line":59,"column":15},"end":{"line":59,"column":54}},"locations":[{"start":{"line":59,"column":15},"end":{"line":59,"column":54}}]},"36":{"type":"branch","line":59,"loc":{"start":{"line":59,"column":15},"end":{"line":65,"column":13}},"locations":[{"start":{"line":59,"column":15},"end":{"line":65,"column":13}}]},"37":{"type":"branch","line":65,"loc":{"start":{"line":65,"column":6},"end":{"line":66,"column":14}},"locations":[{"start":{"line":65,"column":6},"end":{"line":66,"column":14}}]},"38":{"type":"branch","line":67,"loc":{"start":{"line":67,"column":6},"end":{"line":67,"column":53}},"locations":[{"start":{"line":67,"column":6},"end":{"line":67,"column":53}}]},"39":{"type":"branch","line":67,"loc":{"start":{"line":67,"column":13},"end":{"line":69,"column":53}},"locations":[{"start":{"line":67,"column":13},"end":{"line":69,"column":53}}]},"40":{"type":"branch","line":69,"loc":{"start":{"line":69,"column":13},"end":{"line":71,"column":13}},"locations":[{"start":{"line":69,"column":13},"end":{"line":71,"column":13}}]},"41":{"type":"branch","line":73,"loc":{"start":{"line":73,"column":13},"end":{"line":75,"column":2}},"locations":[{"start":{"line":73,"column":13},"end":{"line":75,"column":2}}]},"42":{"type":"branch","line":75,"loc":{"start":{"line":75,"column":0},"end":{"line":75,"column":2}},"locations":[{"start":{"line":75,"column":0},"end":{"line":75,"column":2}}]}},"b":{"0":[65],"1":[2],"2":[2],"3":[2],"4":[2],"5":[2],"6":[55],"7":[65],"8":[58],"9":[56],"10":[1],"11":[1],"12":[0],"13":[58],"14":[12],"15":[6],"16":[1],"17":[2],"18":[1],"19":[1],"20":[1],"21":[1],"22":[1],"23":[2],"24":[1],"25":[1],"26":[1],"27":[1],"28":[4],"29":[2],"30":[0],"31":[0],"32":[0],"33":[0],"34":[0],"35":[0],"36":[0],"37":[0],"38":[0],"39":[0],"40":[2],"41":[4],"42":[12]},"fnMap":{"0":{"name":"getSizeClass","decl":{"start":{"line":13,"column":29},"end":{"line":28,"column":2}},"loc":{"start":{"line":13,"column":29},"end":{"line":28,"column":2}},"line":13},"1":{"name":"get","decl":{"start":{"line":28,"column":0},"end":{"line":28,"column":2}},"loc":{"start":{"line":28,"column":0},"end":{"line":28,"column":2}},"line":28},"2":{"name":"getVarianTheme","decl":{"start":{"line":30,"column":31},"end":{"line":41,"column":2}},"loc":{"start":{"line":30,"column":31},"end":{"line":41,"column":2}},"line":30},"3":{"name":"get","decl":{"start":{"line":41,"column":0},"end":{"line":41,"column":2}},"loc":{"start":{"line":41,"column":0},"end":{"line":41,"column":2}},"line":41},"4":{"name":"getIconClass","decl":{"start":{"line":44,"column":2},"end":{"line":75,"column":2}},"loc":{"start":{"line":44,"column":2},"end":{"line":75,"column":2}},"line":44},"5":{"name":"getIconClass","decl":{"start":{"line":44,"column":2},"end":{"line":71,"column":53}},"loc":{"start":{"line":44,"column":2},"end":{"line":71,"column":53}},"line":44},"6":{"name":"getIconClass","decl":{"start":{"line":44,"column":2},"end":{"line":67,"column":13}},"loc":{"start":{"line":44,"column":2},"end":{"line":67,"column":13}},"line":44},"7":{"name":"get","decl":{"start":{"line":69,"column":13},"end":{"line":71,"column":13}},"loc":{"start":{"line":69,"column":13},"end":{"line":71,"column":13}},"line":69},"8":{"name":"get","decl":{"start":{"line":73,"column":13},"end":{"line":75,"column":2}},"loc":{"start":{"line":73,"column":13},"end":{"line":75,"column":2}},"line":73},"9":{"name":"get","decl":{"start":{"line":75,"column":0},"end":{"line":75,"column":2}},"loc":{"start":{"line":75,"column":0},"end":{"line":75,"column":2}},"line":75}},"f":{"0":65,"1":65,"2":58,"3":58,"4":12,"5":4,"6":0,"7":0,"8":4,"9":12}}
}
